c:\users\intel\desktop\intelextensionssamples\intc_atomic_64bit_max\obj\x64\debug\intc_atomics_64bit_max.pch
c:\users\intel\desktop\intelextensionssamples\intc_atomic_64bit_max\obj\x64\debug\vc142.pdb
c:\users\intel\desktop\intelextensionssamples\intc_atomic_64bit_max\obj\x64\debug\vc142.idb
c:\users\intel\desktop\intelextensionssamples\intc_atomic_64bit_max\obj\x64\debug\stdafx.obj
c:\users\intel\desktop\intelextensionssamples\intc_atomic_64bit_max\obj\x64\debug\main.obj
c:\users\intel\desktop\intelextensionssamples\intc_atomic_64bit_max\obj\x64\debug\dxsample.obj
c:\users\intel\desktop\intelextensionssamples\intc_atomic_64bit_max\obj\x64\debug\intc_atomics_64bit_max.obj
c:\users\intel\desktop\intelextensionssamples\intc_atomic_64bit_max\obj\x64\debug\win32application.obj
c:\users\intel\desktop\intelextensionssamples\intc_atomic_64bit_max\bin\x64\debug\shaders.hlsl
c:\users\intel\desktop\intelextensionssamples\intc_atomic_64bit_max\bin\x64\debug\intc_atomics_64bit_max.cso
c:\users\intel\desktop\intelextensionssamples\intc_atomic_64bit_max\bin\x64\debug\intc_atomics_64bit_max.exe
c:\users\intel\desktop\intelextensionssamples\intc_atomic_64bit_max\bin\x64\debug\intc_atomics_64bit_max.ilk
c:\users\intel\desktop\intelextensionssamples\intc_atomic_64bit_max\bin\x64\debug\intc_atomics_64bit_max.pdb
c:\users\duboism\onedrive - intel corporation\documents\github\64-bit-typed-atomics-extension\intc_atomic_64bit_max\obj\x64\debug\dxsample.obj
c:\users\duboism\onedrive - intel corporation\documents\github\64-bit-typed-atomics-extension\intc_atomic_64bit_max\obj\x64\debug\intc_atomics_64bit_max.obj
c:\users\duboism\onedrive - intel corporation\documents\github\64-bit-typed-atomics-extension\intc_atomic_64bit_max\obj\x64\debug\main.obj
c:\users\duboism\onedrive - intel corporation\documents\github\64-bit-typed-atomics-extension\intc_atomic_64bit_max\obj\x64\debug\stdafx.obj
c:\users\duboism\onedrive - intel corporation\documents\github\64-bit-typed-atomics-extension\intc_atomic_64bit_max\obj\x64\debug\win32application.obj
c:\users\duboism\onedrive - intel corporation\documents\github\64-bit-typed-atomics-extension\intc_atomic_64bit_max\obj\x64\debug\intc_atomics_64bit_max.obj.enc
c:\users\duboism\onedrive - intel corporation\documents\github\64-bit-typed-atomics-extension\intc_atomic_64bit_max\obj\x64\debug\intc_atomics_64bit_max.pch
c:\users\duboism\onedrive - intel corporation\documents\github\64-bit-typed-atomics-extension\intc_atomic_64bit_max\obj\x64\debug\vc142.idb
c:\users\duboism\onedrive - intel corporation\documents\github\64-bit-typed-atomics-extension\intc_atomic_64bit_max\obj\x64\debug\vc142.pdb
c:\users\duboism\onedrive - intel corporation\documents\github\64-bit-typed-atomics-extension\intc_atomic_64bit_max\bin\x64\debug\intc_atomics_64bit_max.exe
c:\users\duboism\onedrive - intel corporation\documents\github\64-bit-typed-atomics-extension\intc_atomic_64bit_max\obj\x64\debug\intc_ato.16b13bb4.tlog\cl.command.1.tlog
c:\users\duboism\onedrive - intel corporation\documents\github\64-bit-typed-atomics-extension\intc_atomic_64bit_max\obj\x64\debug\intc_ato.16b13bb4.tlog\cl.read.1.tlog
c:\users\duboism\onedrive - intel corporation\documents\github\64-bit-typed-atomics-extension\intc_atomic_64bit_max\obj\x64\debug\intc_ato.16b13bb4.tlog\cl.write.1.tlog
c:\users\duboism\onedrive - intel corporation\documents\github\64-bit-typed-atomics-extension\intc_atomic_64bit_max\obj\x64\debug\intc_ato.16b13bb4.tlog\custombuild.command.1.tlog
c:\users\duboism\onedrive - intel corporation\documents\github\64-bit-typed-atomics-extension\intc_atomic_64bit_max\obj\x64\debug\intc_ato.16b13bb4.tlog\custombuild.read.1.tlog
c:\users\duboism\onedrive - intel corporation\documents\github\64-bit-typed-atomics-extension\intc_atomic_64bit_max\obj\x64\debug\intc_ato.16b13bb4.tlog\custombuild.write.1.tlog
c:\users\duboism\onedrive - intel corporation\documents\github\64-bit-typed-atomics-extension\intc_atomic_64bit_max\obj\x64\debug\intc_ato.16b13bb4.tlog\fxc.command.1.tlog
c:\users\duboism\onedrive - intel corporation\documents\github\64-bit-typed-atomics-extension\intc_atomic_64bit_max\obj\x64\debug\intc_ato.16b13bb4.tlog\fxc.read.1.tlog
c:\users\duboism\onedrive - intel corporation\documents\github\64-bit-typed-atomics-extension\intc_atomic_64bit_max\obj\x64\debug\intc_ato.16b13bb4.tlog\fxc.write.1.tlog
c:\users\duboism\onedrive - intel corporation\documents\github\64-bit-typed-atomics-extension\intc_atomic_64bit_max\obj\x64\debug\intc_ato.16b13bb4.tlog\link.2260.delete.1.tlog
c:\users\duboism\onedrive - intel corporation\documents\github\64-bit-typed-atomics-extension\intc_atomic_64bit_max\obj\x64\debug\intc_ato.16b13bb4.tlog\link.59484.delete.1.tlog
c:\users\duboism\onedrive - intel corporation\documents\github\64-bit-typed-atomics-extension\intc_atomic_64bit_max\obj\x64\debug\intc_ato.16b13bb4.tlog\link.60508.delete.1.tlog
c:\users\duboism\onedrive - intel corporation\documents\github\64-bit-typed-atomics-extension\intc_atomic_64bit_max\obj\x64\debug\intc_ato.16b13bb4.tlog\link.63748.delete.1.tlog
c:\users\duboism\onedrive - intel corporation\documents\github\64-bit-typed-atomics-extension\intc_atomic_64bit_max\obj\x64\debug\intc_ato.16b13bb4.tlog\link.67204.delete.1.tlog
c:\users\duboism\onedrive - intel corporation\documents\github\64-bit-typed-atomics-extension\intc_atomic_64bit_max\obj\x64\debug\intc_ato.16b13bb4.tlog\link.74112.delete.1.tlog
c:\users\duboism\onedrive - intel corporation\documents\github\64-bit-typed-atomics-extension\intc_atomic_64bit_max\obj\x64\debug\intc_ato.16b13bb4.tlog\link.command.1.tlog
c:\users\duboism\onedrive - intel corporation\documents\github\64-bit-typed-atomics-extension\intc_atomic_64bit_max\obj\x64\debug\intc_ato.16b13bb4.tlog\link.read.1.tlog
c:\users\duboism\onedrive - intel corporation\documents\github\64-bit-typed-atomics-extension\intc_atomic_64bit_max\obj\x64\debug\intc_ato.16b13bb4.tlog\link.write.1.tlog
